 
****************************************
Report : timing
        -path full
        -delay max
        -max_paths 1
Design : RAM128
Version: T-2022.03-SP5
Date   : Sat Dec 27 12:36:16 2025
****************************************

Operating Conditions: nom_pvt   Library: gtech
Wire Load Model Mode: top

  Startpoint: Do0[31] (internal pin)
  Endpoint: Do0[31] (output port)
  Path Group: (none)
  Path Type: max

  Point                                    Incr       Path
  -----------------------------------------------------------
  Do0[31] (out)                            0.00       0.00 r
  data arrival time                                   0.00
  -----------------------------------------------------------
  (Path is unconstrained)


1
